# JRE version: OpenJDK Runtime Environment Temurin-17.0.6+10 (17.0.6+10) (build 17.0.6+10)
# Java VM: OpenJDK 64-Bit Server VM Temurin-17.0.6+10 (17.0.6+10, mixed mode, emulated-client, tiered, compressed oops, compressed class ptrs, g1 gc, windows-amd64)
GC Precious Log:
 CPUs: 4 total, 4 available
 Memory: 3964M
 Large Page Support: Disabled
 NUMA Support: Disabled
 Compressed Oops: Enabled (32-bit)
 Heap Region Size: 1M
 Heap Min Capacity: 8M
 Heap Initial Capacity: 62M
 Heap Max Capacity: 1G
 Pre-touch: Disabled
 Parallel Workers: 4
 Concurrent Workers: 1
 Concurrent Refinement Workers: 4
 Periodic GC: Disabled
Heap:
 garbage-first heap   total 119808K, used 34999K [0x00000000c0000000, 0x0000000100000000)
  region size 1024K, 1 young (1024K), 0 survivors (0K)
 Metaspace       used 60748K, committed 61248K, reserved 1105920K
  class space    used 8154K, committed 8384K, reserved 1048576K
GC Heap History (20 events):
Event: 69365.892 GC heap before
{Heap before GC invocations=2949 (full 2894):
 garbage-first heap   total 119808K, used 34999K [0x00000000c0000000, 0x0000000100000000)
  region size 1024K, 1 young (1024K), 0 survivors (0K)
 Metaspace       used 60748K, committed 61248K, reserved 1105920K
  class space    used 8154K, committed 8384K, reserved 1048576K
}
Event: 69365.932 GC heap after
{Heap after GC invocations=2950 (full 2895):
 garbage-first heap   total 119808K, used 34999K [0x00000000c0000000, 0x0000000100000000)
  region size 1024K, 0 young (0K), 0 survivors (0K)
 Metaspace       used 60748K, committed 61248K, reserved 1105920K
  class space    used 8154K, committed 8384K, reserved 1048576K
}
Event: 69376.126 GC heap before
{Heap before GC invocations=2950 (full 2895):
 garbage-first heap   total 119808K, used 34999K [0x00000000c0000000, 0x0000000100000000)
  region size 1024K, 1 young (1024K), 0 survivors (0K)
 Metaspace       used 60748K, committed 61248K, reserved 1105920K
  class space    used 8154K, committed 8384K, reserved 1048576K
}
Event: 69376.176 GC heap after
{Heap after GC invocations=2951 (full 2896):
 garbage-first heap   total 119808K, used 34999K [0x00000000c0000000, 0x0000000100000000)
  region size 1024K, 0 young (0K), 0 survivors (0K)
 Metaspace       used 60748K, committed 61248K, reserved 1105920K
  class space    used 8154K, committed 8384K, reserved 1048576K
}
Event: 69386.366 GC heap before
{Heap before GC invocations=2951 (full 2896):
 garbage-first heap   total 119808K, used 34999K [0x00000000c0000000, 0x0000000100000000)
  region size 1024K, 1 young (1024K), 0 survivors (0K)
 Metaspace       used 60748K, committed 61248K, reserved 1105920K
  class space    used 8154K, committed 8384K, reserved 1048576K
}
Event: 69386.408 GC heap after
{Heap after GC invocations=2952 (full 2897):
 garbage-first heap   total 119808K, used 34999K [0x00000000c0000000, 0x0000000100000000)
  region size 1024K, 0 young (0K), 0 survivors (0K)
 Metaspace       used 60748K, committed 61248K, reserved 1105920K
  class space    used 8154K, committed 8384K, reserved 1048576K
}
Event: 69396.605 GC heap before
{Heap before GC invocations=2952 (full 2897):
 garbage-first heap   total 119808K, used 34999K [0x00000000c0000000, 0x0000000100000000)
  region size 1024K, 1 young (1024K), 0 survivors (0K)
 Metaspace       used 60748K, committed 61248K, reserved 1105920K
  class space    used 8154K, committed 8384K, reserved 1048576K
}
Event: 69396.655 GC heap after
{Heap after GC invocations=2953 (full 2898):
 garbage-first heap   total 119808K, used 34999K [0x00000000c0000000, 0x0000000100000000)
  region size 1024K, 0 young (0K), 0 survivors (0K)
 Metaspace       used 60748K, committed 61248K, reserved 1105920K
  class space    used 8154K, committed 8384K, reserved 1048576K
}
Event: 69406.836 GC heap before
{Heap before GC invocations=2953 (full 2898):
 garbage-first heap   total 119808K, used 34999K [0x00000000c0000000, 0x0000000100000000)
  region size 1024K, 1 young (1024K), 0 survivors (0K)
 Metaspace       used 60748K, committed 61248K, reserved 1105920K
  class space    used 8154K, committed 8384K, reserved 1048576K
}
Event: 69406.886 GC heap after
{Heap after GC invocations=2954 (full 2899):
 garbage-first heap   total 119808K, used 34999K [0x00000000c0000000, 0x0000000100000000)
  region size 1024K, 0 young (0K), 0 survivors (0K)
 Metaspace       used 60748K, committed 61248K, reserved 1105920K
  class space    used 8154K, committed 8384K, reserved 1048576K
}
Event: 69417.108 GC heap before
{Heap before GC invocations=2954 (full 2899):
 garbage-first heap   total 119808K, used 34999K [0x00000000c0000000, 0x0000000100000000)
  region size 1024K, 1 young (1024K), 0 survivors (0K)
 Metaspace       used 60748K, committed 61248K, reserved 1105920K
  class space    used 8154K, committed 8384K, reserved 1048576K
}
Event: 69417.156 GC heap after
{Heap after GC invocations=2955 (full 2900):
 garbage-first heap   total 119808K, used 34999K [0x00000000c0000000, 0x0000000100000000)
  region size 1024K, 0 young (0K), 0 survivors (0K)
 Metaspace       used 60748K, committed 61248K, reserved 1105920K
  class space    used 8154K, committed 8384K, reserved 1048576K
}
Event: 69427.330 GC heap before
{Heap before GC invocations=2955 (full 2900):
 garbage-first heap   total 119808K, used 34999K [0x00000000c0000000, 0x0000000100000000)
  region size 1024K, 1 young (1024K), 0 survivors (0K)
 Metaspace       used 60748K, committed 61248K, reserved 1105920K
  class space    used 8154K, committed 8384K, reserved 1048576K
}
Event: 69427.382 GC heap after
{Heap after GC invocations=2956 (full 2901):
 garbage-first heap   total 119808K, used 34999K [0x00000000c0000000, 0x0000000100000000)
  region size 1024K, 0 young (0K), 0 survivors (0K)
 Metaspace       used 60748K, committed 61248K, reserved 1105920K
  class space    used 8154K, committed 8384K, reserved 1048576K
}
Event: 69437.549 GC heap before
{Heap before GC invocations=2956 (full 2901):
 garbage-first heap   total 119808K, used 34999K [0x00000000c0000000, 0x0000000100000000)
  region size 1024K, 1 young (1024K), 0 survivors (0K)
 Metaspace       used 60748K, committed 61248K, reserved 1105920K
  class space    used 8154K, committed 8384K, reserved 1048576K
}
Event: 69437.594 GC heap after
{Heap after GC invocations=2957 (full 2902):
 garbage-first heap   total 119808K, used 34999K [0x00000000c0000000, 0x0000000100000000)
  region size 1024K, 0 young (0K), 0 survivors (0K)
 Metaspace       used 60748K, committed 61248K, reserved 1105920K
  class space    used 8154K, committed 8384K, reserved 1048576K
}
Event: 69447.791 GC heap before
{Heap before GC invocations=2957 (full 2902):
 garbage-first heap   total 119808K, used 34999K [0x00000000c0000000, 0x0000000100000000)
  region size 1024K, 1 young (1024K), 0 survivors (0K)
 Metaspace       used 60748K, committed 61248K, reserved 1105920K
  class space    used 8154K, committed 8384K, reserved 1048576K
}
Event: 69447.833 GC heap after
{Heap after GC invocations=2958 (full 2903):
 garbage-first heap   total 119808K, used 34999K [0x00000000c0000000, 0x0000000100000000)
  region size 1024K, 0 young (0K), 0 survivors (0K)
 Metaspace       used 60748K, committed 61248K, reserved 1105920K
  class space    used 8154K, committed 8384K, reserved 1048576K
}
Event: 69458.023 GC heap before
{Heap before GC invocations=2958 (full 2903):
 garbage-first heap   total 119808K, used 34999K [0x00000000c0000000, 0x0000000100000000)
  region size 1024K, 1 young (1024K), 0 survivors (0K)
 Metaspace       used 60748K, committed 61248K, reserved 1105920K
  class space    used 8154K, committed 8384K, reserved 1048576K
}
Event: 69458.065 GC heap after
{Heap after GC invocations=2959 (full 2904):
 garbage-first heap   total 119808K, used 34999K [0x00000000c0000000, 0x0000000100000000)
  region size 1024K, 0 young (0K), 0 survivors (0K)
 Metaspace       used 60748K, committed 61248K, reserved 1105920K
  class space    used 8154K, committed 8384K, reserved 1048576K
}

