# JRE version: OpenJDK Runtime Environment Temurin-17.0.6+10 (17.0.6+10) (build 17.0.6+10)
# Java VM: OpenJDK 64-Bit Server VM Temurin-17.0.6+10 (17.0.6+10, mixed mode, emulated-client, tiered, compressed oops, compressed class ptrs, g1 gc, windows-amd64)
GC Precious Log:
 CPUs: 4 total, 4 available
 Memory: 3964M
 Large Page Support: Disabled
 NUMA Support: Disabled
 Compressed Oops: Enabled (32-bit)
 Heap Region Size: 1M
 Heap Min Capacity: 8M
 Heap Initial Capacity: 62M
 Heap Max Capacity: 1G
 Pre-touch: Disabled
 Parallel Workers: 4
 Concurrent Workers: 1
 Concurrent Refinement Workers: 4
 Periodic GC: Disabled
Heap:
 garbage-first heap   total 547840K, used 161792K [0x00000000c0000000, 0x0000000100000000)
  region size 1024K, 20 young (20480K), 20 survivors (20480K)
 Metaspace       used 35844K, committed 36288K, reserved 1081344K
  class space    used 4642K, committed 4864K, reserved 1048576K
GC Heap History (20 events):
Event: 4.851 GC heap after
{Heap after GC invocations=21 (full 0):
 garbage-first heap   total 214016K, used 76212K [0x00000000c0000000, 0x0000000100000000)
  region size 1024K, 8 young (8192K), 8 survivors (8192K)
 Metaspace       used 35759K, committed 36160K, reserved 1081344K
  class space    used 4632K, committed 4800K, reserved 1048576K
}
Event: 4.853 GC heap before
{Heap before GC invocations=21 (full 0):
 garbage-first heap   total 214016K, used 77236K [0x00000000c0000000, 0x0000000100000000)
  region size 1024K, 10 young (10240K), 8 survivors (8192K)
 Metaspace       used 35759K, committed 36160K, reserved 1081344K
  class space    used 4632K, committed 4800K, reserved 1048576K
}
Event: 4.861 GC heap after
{Heap after GC invocations=22 (full 0):
 garbage-first heap   total 214016K, used 76316K [0x00000000c0000000, 0x0000000100000000)
  region size 1024K, 1 young (1024K), 1 survivors (1024K)
 Metaspace       used 35759K, committed 36160K, reserved 1081344K
  class space    used 4632K, committed 4800K, reserved 1048576K
}
Event: 4.909 GC heap before
{Heap before GC invocations=22 (full 0):
 garbage-first heap   total 214016K, used 168476K [0x00000000c0000000, 0x0000000100000000)
  region size 1024K, 92 young (94208K), 1 survivors (1024K)
 Metaspace       used 35759K, committed 36160K, reserved 1081344K
  class space    used 4632K, committed 4800K, reserved 1048576K
}
Event: 4.919 GC heap after
{Heap after GC invocations=23 (full 0):
 garbage-first heap   total 547840K, used 79812K [0x00000000c0000000, 0x0000000100000000)
  region size 1024K, 5 young (5120K), 5 survivors (5120K)
 Metaspace       used 35759K, committed 36160K, reserved 1081344K
  class space    used 4632K, committed 4800K, reserved 1048576K
}
Event: 7.929 GC heap before
{Heap before GC invocations=24 (full 0):
 garbage-first heap   total 430080K, used 396228K [0x00000000c0000000, 0x0000000100000000)
  region size 1024K, 316 young (323584K), 5 survivors (5120K)
 Metaspace       used 35759K, committed 36160K, reserved 1081344K
  class space    used 4632K, committed 4800K, reserved 1048576K
}
Event: 8.005 GC heap after
{Heap after GC invocations=25 (full 0):
 garbage-first heap   total 430080K, used 92384K [0x00000000c0000000, 0x0000000100000000)
  region size 1024K, 17 young (17408K), 17 survivors (17408K)
 Metaspace       used 35759K, committed 36160K, reserved 1081344K
  class space    used 4632K, committed 4800K, reserved 1048576K
}
Event: 8.011 GC heap before
{Heap before GC invocations=25 (full 0):
 garbage-first heap   total 430080K, used 96480K [0x00000000c0000000, 0x0000000100000000)
  region size 1024K, 21 young (21504K), 17 survivors (17408K)
 Metaspace       used 35759K, committed 36160K, reserved 1081344K
  class space    used 4632K, committed 4800K, reserved 1048576K
}
Event: 8.106 GC heap after
{Heap after GC invocations=26 (full 0):
 garbage-first heap   total 430080K, used 93842K [0x00000000c0000000, 0x0000000100000000)
  region size 1024K, 2 young (2048K), 2 survivors (2048K)
 Metaspace       used 35759K, committed 36160K, reserved 1081344K
  class space    used 4632K, committed 4800K, reserved 1048576K
}
Event: 10.209 GC heap before
{Heap before GC invocations=26 (full 0):
 garbage-first heap   total 430080K, used 341650K [0x00000000c0000000, 0x0000000100000000)
  region size 1024K, 245 young (250880K), 2 survivors (2048K)
 Metaspace       used 35759K, committed 36160K, reserved 1081344K
  class space    used 4632K, committed 4800K, reserved 1048576K
}
Event: 10.374 GC heap after
{Heap after GC invocations=27 (full 0):
 garbage-first heap   total 430080K, used 101716K [0x00000000c0000000, 0x0000000100000000)
  region size 1024K, 10 young (10240K), 10 survivors (10240K)
 Metaspace       used 35759K, committed 36160K, reserved 1081344K
  class space    used 4632K, committed 4800K, reserved 1048576K
}
Event: 11.058 GC heap before
{Heap before GC invocations=27 (full 0):
 garbage-first heap   total 430080K, used 347476K [0x00000000c0000000, 0x0000000100000000)
  region size 1024K, 251 young (257024K), 10 survivors (10240K)
 Metaspace       used 35759K, committed 36160K, reserved 1081344K
  class space    used 4632K, committed 4800K, reserved 1048576K
}
Event: 11.111 GC heap after
{Heap after GC invocations=28 (full 0):
 garbage-first heap   total 430080K, used 111635K [0x00000000c0000000, 0x0000000100000000)
  region size 1024K, 20 young (20480K), 20 survivors (20480K)
 Metaspace       used 35759K, committed 36160K, reserved 1081344K
  class space    used 4632K, committed 4800K, reserved 1048576K
}
Event: 11.702 GC heap before
{Heap before GC invocations=28 (full 0):
 garbage-first heap   total 430080K, used 348179K [0x00000000c0000000, 0x0000000100000000)
  region size 1024K, 252 young (258048K), 20 survivors (20480K)
 Metaspace       used 35759K, committed 36160K, reserved 1081344K
  class space    used 4632K, committed 4800K, reserved 1048576K
}
Event: 11.800 GC heap after
{Heap after GC invocations=29 (full 0):
 garbage-first heap   total 430080K, used 128489K [0x00000000c0000000, 0x0000000100000000)
  region size 1024K, 27 young (27648K), 27 survivors (27648K)
 Metaspace       used 35759K, committed 36160K, reserved 1081344K
  class space    used 4632K, committed 4800K, reserved 1048576K
}
Event: 14.118 GC heap before
{Heap before GC invocations=29 (full 0):
 garbage-first heap   total 430080K, used 352745K [0x00000000c0000000, 0x0000000100000000)
  region size 1024K, 247 young (252928K), 27 survivors (27648K)
 Metaspace       used 35843K, committed 36288K, reserved 1081344K
  class space    used 4642K, committed 4864K, reserved 1048576K
}
Event: 14.184 GC heap after
{Heap after GC invocations=30 (full 0):
 garbage-first heap   total 430080K, used 140621K [0x00000000c0000000, 0x0000000100000000)
  region size 1024K, 28 young (28672K), 28 survivors (28672K)
 Metaspace       used 35843K, committed 36288K, reserved 1081344K
  class space    used 4642K, committed 4864K, reserved 1048576K
}
Event: 14.646 GC heap before
{Heap before GC invocations=30 (full 0):
 garbage-first heap   total 430080K, used 355661K [0x00000000c0000000, 0x0000000100000000)
  region size 1024K, 238 young (243712K), 28 survivors (28672K)
 Metaspace       used 35844K, committed 36288K, reserved 1081344K
  class space    used 4642K, committed 4864K, reserved 1048576K
}
Event: 14.947 GC heap after
{Heap after GC invocations=31 (full 0):
 garbage-first heap   total 430080K, used 151443K [0x00000000c0000000, 0x0000000100000000)
  region size 1024K, 22 young (22528K), 22 survivors (22528K)
 Metaspace       used 35844K, committed 36288K, reserved 1081344K
  class space    used 4642K, committed 4864K, reserved 1048576K
}
Event: 15.740 GC heap before
{Heap before GC invocations=31 (full 0):
 garbage-first heap   total 430080K, used 355219K [0x00000000c0000000, 0x0000000100000000)
  region size 1024K, 222 young (227328K), 22 survivors (22528K)
 Metaspace       used 35844K, committed 36288K, reserved 1081344K
  class space    used 4642K, committed 4864K, reserved 1048576K
}

