# JRE version: OpenJDK Runtime Environment Temurin-17.0.6+10 (17.0.6+10) (build 17.0.6+10)
# Java VM: OpenJDK 64-Bit Server VM Temurin-17.0.6+10 (17.0.6+10, mixed mode, emulated-client, tiered, compressed oops, compressed class ptrs, g1 gc, windows-amd64)
GC Precious Log:
 CPUs: 4 total, 4 available
 Memory: 3964M
 Large Page Support: Disabled
 NUMA Support: Disabled
 Compressed Oops: Enabled (32-bit)
 Heap Region Size: 1M
 Heap Min Capacity: 8M
 Heap Initial Capacity: 62M
 Heap Max Capacity: 1G
 Pre-touch: Disabled
 Parallel Workers: 4
 Concurrent Workers: 1
 Concurrent Refinement Workers: 4
 Periodic GC: Disabled
Heap:
 garbage-first heap   total 225280K, used 94623K [0x00000000c0000000, 0x0000000100000000)
  region size 1024K, 9 young (9216K), 9 survivors (9216K)
 Metaspace       used 35706K, committed 36096K, reserved 1081344K
  class space    used 4632K, committed 4800K, reserved 1048576K
GC Heap History (20 events):
Event: 9.295 GC heap after
{Heap after GC invocations=21 (full 0):
 garbage-first heap   total 106496K, used 66545K [0x00000000c0000000, 0x0000000100000000)
  region size 1024K, 3 young (3072K), 3 survivors (3072K)
 Metaspace       used 35606K, committed 36032K, reserved 1081344K
  class space    used 4619K, committed 4800K, reserved 1048576K
}
Event: 9.328 GC heap before
{Heap before GC invocations=21 (full 0):
 garbage-first heap   total 106496K, used 79857K [0x00000000c0000000, 0x0000000100000000)
  region size 1024K, 17 young (17408K), 3 survivors (3072K)
 Metaspace       used 35620K, committed 36032K, reserved 1081344K
  class space    used 4620K, committed 4800K, reserved 1048576K
}
Event: 9.339 GC heap after
{Heap after GC invocations=22 (full 0):
 garbage-first heap   total 106496K, used 67796K [0x00000000c0000000, 0x0000000100000000)
  region size 1024K, 1 young (1024K), 1 survivors (1024K)
 Metaspace       used 35620K, committed 36032K, reserved 1081344K
  class space    used 4620K, committed 4800K, reserved 1048576K
}
Event: 9.365 GC heap before
{Heap before GC invocations=22 (full 0):
 garbage-first heap   total 106496K, used 81108K [0x00000000c0000000, 0x0000000100000000)
  region size 1024K, 15 young (15360K), 1 survivors (1024K)
 Metaspace       used 35706K, committed 36096K, reserved 1081344K
  class space    used 4632K, committed 4800K, reserved 1048576K
}
Event: 9.369 GC heap after
{Heap after GC invocations=23 (full 0):
 garbage-first heap   total 225280K, used 68204K [0x00000000c0000000, 0x0000000100000000)
  region size 1024K, 2 young (2048K), 2 survivors (2048K)
 Metaspace       used 35706K, committed 36096K, reserved 1081344K
  class space    used 4632K, committed 4800K, reserved 1048576K
}
Event: 10.573 GC heap before
{Heap before GC invocations=24 (full 0):
 garbage-first heap   total 225280K, used 138860K [0x00000000c0000000, 0x0000000100000000)
  region size 1024K, 73 young (74752K), 2 survivors (2048K)
 Metaspace       used 35706K, committed 36096K, reserved 1081344K
  class space    used 4632K, committed 4800K, reserved 1048576K
}
Event: 10.609 GC heap after
{Heap after GC invocations=25 (full 0):
 garbage-first heap   total 225280K, used 70097K [0x00000000c0000000, 0x0000000100000000)
  region size 1024K, 5 young (5120K), 5 survivors (5120K)
 Metaspace       used 35706K, committed 36096K, reserved 1081344K
  class space    used 4632K, committed 4800K, reserved 1048576K
}
Event: 10.648 GC heap before
{Heap before GC invocations=25 (full 0):
 garbage-first heap   total 225280K, used 75217K [0x00000000c0000000, 0x0000000100000000)
  region size 1024K, 11 young (11264K), 5 survivors (5120K)
 Metaspace       used 35706K, committed 36096K, reserved 1081344K
  class space    used 4632K, committed 4800K, reserved 1048576K
}
Event: 10.653 GC heap after
{Heap after GC invocations=26 (full 0):
 garbage-first heap   total 225280K, used 70128K [0x00000000c0000000, 0x0000000100000000)
  region size 1024K, 1 young (1024K), 1 survivors (1024K)
 Metaspace       used 35706K, committed 36096K, reserved 1081344K
  class space    used 4632K, committed 4800K, reserved 1048576K
}
Event: 11.007 GC heap before
{Heap before GC invocations=26 (full 0):
 garbage-first heap   total 225280K, used 164336K [0x00000000c0000000, 0x0000000100000000)
  region size 1024K, 94 young (96256K), 1 survivors (1024K)
 Metaspace       used 35706K, committed 36096K, reserved 1081344K
  class space    used 4632K, committed 4800K, reserved 1048576K
}
Event: 11.012 GC heap after
{Heap after GC invocations=27 (full 0):
 garbage-first heap   total 225280K, used 73487K [0x00000000c0000000, 0x0000000100000000)
  region size 1024K, 4 young (4096K), 4 survivors (4096K)
 Metaspace       used 35706K, committed 36096K, reserved 1081344K
  class space    used 4632K, committed 4800K, reserved 1048576K
}
Event: 11.327 GC heap before
{Heap before GC invocations=27 (full 0):
 garbage-first heap   total 225280K, used 170767K [0x00000000c0000000, 0x0000000100000000)
  region size 1024K, 100 young (102400K), 4 survivors (4096K)
 Metaspace       used 35706K, committed 36096K, reserved 1081344K
  class space    used 4632K, committed 4800K, reserved 1048576K
}
Event: 11.337 GC heap after
{Heap after GC invocations=28 (full 0):
 garbage-first heap   total 225280K, used 77100K [0x00000000c0000000, 0x0000000100000000)
  region size 1024K, 8 young (8192K), 8 survivors (8192K)
 Metaspace       used 35706K, committed 36096K, reserved 1081344K
  class space    used 4632K, committed 4800K, reserved 1048576K
}
Event: 11.455 GC heap before
{Heap before GC invocations=28 (full 0):
 garbage-first heap   total 225280K, used 175404K [0x00000000c0000000, 0x0000000100000000)
  region size 1024K, 105 young (107520K), 8 survivors (8192K)
 Metaspace       used 35706K, committed 36096K, reserved 1081344K
  class space    used 4632K, committed 4800K, reserved 1048576K
}
Event: 11.476 GC heap after
{Heap after GC invocations=29 (full 0):
 garbage-first heap   total 225280K, used 81605K [0x00000000c0000000, 0x0000000100000000)
  region size 1024K, 12 young (12288K), 12 survivors (12288K)
 Metaspace       used 35706K, committed 36096K, reserved 1081344K
  class space    used 4632K, committed 4800K, reserved 1048576K
}
Event: 11.576 GC heap before
{Heap before GC invocations=29 (full 0):
 garbage-first heap   total 225280K, used 177861K [0x00000000c0000000, 0x0000000100000000)
  region size 1024K, 107 young (109568K), 12 survivors (12288K)
 Metaspace       used 35706K, committed 36096K, reserved 1081344K
  class space    used 4632K, committed 4800K, reserved 1048576K
}
Event: 11.615 GC heap after
{Heap after GC invocations=30 (full 0):
 garbage-first heap   total 225280K, used 85007K [0x00000000c0000000, 0x0000000100000000)
  region size 1024K, 8 young (8192K), 8 survivors (8192K)
 Metaspace       used 35706K, committed 36096K, reserved 1081344K
  class space    used 4632K, committed 4800K, reserved 1048576K
}
Event: 11.725 GC heap before
{Heap before GC invocations=30 (full 0):
 garbage-first heap   total 225280K, used 182287K [0x00000000c0000000, 0x0000000100000000)
  region size 1024K, 104 young (106496K), 8 survivors (8192K)
 Metaspace       used 35706K, committed 36096K, reserved 1081344K
  class space    used 4632K, committed 4800K, reserved 1048576K
}
Event: 11.742 GC heap after
{Heap after GC invocations=31 (full 0):
 garbage-first heap   total 225280K, used 89786K [0x00000000c0000000, 0x0000000100000000)
  region size 1024K, 8 young (8192K), 8 survivors (8192K)
 Metaspace       used 35706K, committed 36096K, reserved 1081344K
  class space    used 4632K, committed 4800K, reserved 1048576K
}
Event: 11.863 GC heap before
{Heap before GC invocations=31 (full 0):
 garbage-first heap   total 225280K, used 185018K [0x00000000c0000000, 0x0000000100000000)
  region size 1024K, 102 young (104448K), 8 survivors (8192K)
 Metaspace       used 35706K, committed 36096K, reserved 1081344K
  class space    used 4632K, committed 4800K, reserved 1048576K
}

