# JRE version: OpenJDK Runtime Environment Temurin-17.0.6+10 (17.0.6+10) (build 17.0.6+10)
# Java VM: OpenJDK 64-Bit Server VM Temurin-17.0.6+10 (17.0.6+10, mixed mode, emulated-client, tiered, compressed oops, compressed class ptrs, g1 gc, windows-amd64)
GC Precious Log:
 CPUs: 4 total, 4 available
 Memory: 3964M
 Large Page Support: Disabled
 NUMA Support: Disabled
 Compressed Oops: Enabled (32-bit)
 Heap Region Size: 1M
 Heap Min Capacity: 8M
 Heap Initial Capacity: 62M
 Heap Max Capacity: 1G
 Pre-touch: Disabled
 Parallel Workers: 4
 Concurrent Workers: 1
 Concurrent Refinement Workers: 4
 Periodic GC: Disabled
Heap:
 garbage-first heap   total 256000K, used 92879K [0x00000000c0000000, 0x0000000100000000)
  region size 1024K, 10 young (10240K), 10 survivors (10240K)
 Metaspace       used 35699K, committed 36096K, reserved 1081344K
  class space    used 4628K, committed 4800K, reserved 1048576K
GC Heap History (20 events):
Event: 19.931 GC heap after
{Heap after GC invocations=20 (full 0):
 garbage-first heap   total 116736K, used 62519K [0x00000000c0000000, 0x0000000100000000)
  region size 1024K, 6 young (6144K), 6 survivors (6144K)
 Metaspace       used 35523K, committed 35968K, reserved 1081344K
  class space    used 4607K, committed 4800K, reserved 1048576K
}
Event: 19.977 GC heap before
{Heap before GC invocations=20 (full 0):
 garbage-first heap   total 116736K, used 82999K [0x00000000c0000000, 0x0000000100000000)
  region size 1024K, 27 young (27648K), 6 survivors (6144K)
 Metaspace       used 35589K, committed 36032K, reserved 1081344K
  class space    used 4615K, committed 4800K, reserved 1048576K
}
Event: 19.992 GC heap after
{Heap after GC invocations=21 (full 0):
 garbage-first heap   total 116736K, used 66368K [0x00000000c0000000, 0x0000000100000000)
  region size 1024K, 3 young (3072K), 3 survivors (3072K)
 Metaspace       used 35589K, committed 36032K, reserved 1081344K
  class space    used 4615K, committed 4800K, reserved 1048576K
}
Event: 20.021 GC heap before
{Heap before GC invocations=21 (full 0):
 garbage-first heap   total 116736K, used 85824K [0x00000000c0000000, 0x0000000100000000)
  region size 1024K, 23 young (23552K), 3 survivors (3072K)
 Metaspace       used 35653K, committed 36032K, reserved 1081344K
  class space    used 4623K, committed 4800K, reserved 1048576K
}
Event: 20.033 GC heap after
{Heap after GC invocations=22 (full 0):
 garbage-first heap   total 116736K, used 67748K [0x00000000c0000000, 0x0000000100000000)
  region size 1024K, 2 young (2048K), 2 survivors (2048K)
 Metaspace       used 35653K, committed 36032K, reserved 1081344K
  class space    used 4623K, committed 4800K, reserved 1048576K
}
Event: 20.059 GC heap before
{Heap before GC invocations=22 (full 0):
 garbage-first heap   total 116736K, used 87204K [0x00000000c0000000, 0x0000000100000000)
  region size 1024K, 22 young (22528K), 2 survivors (2048K)
 Metaspace       used 35698K, committed 36096K, reserved 1081344K
  class space    used 4628K, committed 4800K, reserved 1048576K
}
Event: 20.064 GC heap after
{Heap after GC invocations=23 (full 0):
 garbage-first heap   total 256000K, used 68170K [0x00000000c0000000, 0x0000000100000000)
  region size 1024K, 2 young (2048K), 2 survivors (2048K)
 Metaspace       used 35698K, committed 36096K, reserved 1081344K
  class space    used 4628K, committed 4800K, reserved 1048576K
}
Event: 20.211 GC heap before
{Heap before GC invocations=23 (full 0):
 garbage-first heap   total 256000K, used 137802K [0x00000000c0000000, 0x0000000100000000)
  region size 1024K, 72 young (73728K), 2 survivors (2048K)
 Metaspace       used 35698K, committed 36096K, reserved 1081344K
  class space    used 4628K, committed 4800K, reserved 1048576K
}
Event: 20.221 GC heap after
{Heap after GC invocations=24 (full 0):
 garbage-first heap   total 256000K, used 70095K [0x00000000c0000000, 0x0000000100000000)
  region size 1024K, 5 young (5120K), 5 survivors (5120K)
 Metaspace       used 35698K, committed 36096K, reserved 1081344K
  class space    used 4628K, committed 4800K, reserved 1048576K
}
Event: 20.464 GC heap before
{Heap before GC invocations=25 (full 0):
 garbage-first heap   total 256000K, used 177615K [0x00000000c0000000, 0x0000000100000000)
  region size 1024K, 111 young (113664K), 5 survivors (5120K)
 Metaspace       used 35698K, committed 36096K, reserved 1081344K
  class space    used 4628K, committed 4800K, reserved 1048576K
}
Event: 20.528 GC heap after
{Heap after GC invocations=26 (full 0):
 garbage-first heap   total 256000K, used 74488K [0x00000000c0000000, 0x0000000100000000)
  region size 1024K, 9 young (9216K), 9 survivors (9216K)
 Metaspace       used 35698K, committed 36096K, reserved 1081344K
  class space    used 4628K, committed 4800K, reserved 1048576K
}
Event: 20.572 GC heap before
{Heap before GC invocations=26 (full 0):
 garbage-first heap   total 256000K, used 77560K [0x00000000c0000000, 0x0000000100000000)
  region size 1024K, 12 young (12288K), 9 survivors (9216K)
 Metaspace       used 35698K, committed 36096K, reserved 1081344K
  class space    used 4628K, committed 4800K, reserved 1048576K
}
Event: 20.604 GC heap after
{Heap after GC invocations=27 (full 0):
 garbage-first heap   total 256000K, used 75199K [0x00000000c0000000, 0x0000000100000000)
  region size 1024K, 2 young (2048K), 2 survivors (2048K)
 Metaspace       used 35698K, committed 36096K, reserved 1081344K
  class space    used 4628K, committed 4800K, reserved 1048576K
}
Event: 21.530 GC heap before
{Heap before GC invocations=27 (full 0):
 garbage-first heap   total 256000K, used 184767K [0x00000000c0000000, 0x0000000100000000)
  region size 1024K, 110 young (112640K), 2 survivors (2048K)
 Metaspace       used 35698K, committed 36096K, reserved 1081344K
  class space    used 4628K, committed 4800K, reserved 1048576K
}
Event: 21.534 GC heap after
{Heap after GC invocations=28 (full 0):
 garbage-first heap   total 256000K, used 78493K [0x00000000c0000000, 0x0000000100000000)
  region size 1024K, 5 young (5120K), 5 survivors (5120K)
 Metaspace       used 35698K, committed 36096K, reserved 1081344K
  class space    used 4628K, committed 4800K, reserved 1048576K
}
Event: 21.739 GC heap before
{Heap before GC invocations=28 (full 0):
 garbage-first heap   total 256000K, used 192157K [0x00000000c0000000, 0x0000000100000000)
  region size 1024K, 117 young (119808K), 5 survivors (5120K)
 Metaspace       used 35699K, committed 36096K, reserved 1081344K
  class space    used 4628K, committed 4800K, reserved 1048576K
}
Event: 21.746 GC heap after
{Heap after GC invocations=29 (full 0):
 garbage-first heap   total 256000K, used 82947K [0x00000000c0000000, 0x0000000100000000)
  region size 1024K, 9 young (9216K), 9 survivors (9216K)
 Metaspace       used 35699K, committed 36096K, reserved 1081344K
  class space    used 4628K, committed 4800K, reserved 1048576K
}
Event: 21.899 GC heap before
{Heap before GC invocations=29 (full 0):
 garbage-first heap   total 256000K, used 197635K [0x00000000c0000000, 0x0000000100000000)
  region size 1024K, 122 young (124928K), 9 survivors (9216K)
 Metaspace       used 35699K, committed 36096K, reserved 1081344K
  class space    used 4628K, committed 4800K, reserved 1048576K
}
Event: 21.919 GC heap after
{Heap after GC invocations=30 (full 0):
 garbage-first heap   total 256000K, used 88108K [0x00000000c0000000, 0x0000000100000000)
  region size 1024K, 10 young (10240K), 10 survivors (10240K)
 Metaspace       used 35699K, committed 36096K, reserved 1081344K
  class space    used 4628K, committed 4800K, reserved 1048576K
}
Event: 22.060 GC heap before
{Heap before GC invocations=30 (full 0):
 garbage-first heap   total 256000K, used 202796K [0x00000000c0000000, 0x0000000100000000)
  region size 1024K, 123 young (125952K), 10 survivors (10240K)
 Metaspace       used 35699K, committed 36096K, reserved 1081344K
  class space    used 4628K, committed 4800K, reserved 1048576K
}

