# JRE version: OpenJDK Runtime Environment Temurin-17.0.6+10 (17.0.6+10) (build 17.0.6+10)
# Java VM: OpenJDK 64-Bit Server VM Temurin-17.0.6+10 (17.0.6+10, mixed mode, emulated-client, tiered, compressed oops, compressed class ptrs, g1 gc, windows-amd64)
GC Precious Log:
 CPUs: 4 total, 4 available
 Memory: 3964M
 Large Page Support: Disabled
 NUMA Support: Disabled
 Compressed Oops: Enabled (32-bit)
 Heap Region Size: 1M
 Heap Min Capacity: 8M
 Heap Initial Capacity: 62M
 Heap Max Capacity: 1G
 Pre-touch: Disabled
 Parallel Workers: 4
 Concurrent Workers: 1
 Concurrent Refinement Workers: 4
 Periodic GC: Disabled
Heap:
 garbage-first heap   total 310272K, used 88987K [0x00000000c0000000, 0x0000000100000000)
  region size 1024K, 9 young (9216K), 9 survivors (9216K)
 Metaspace       used 35706K, committed 36096K, reserved 1081344K
  class space    used 4632K, committed 4800K, reserved 1048576K
GC Heap History (20 events):
Event: 8.455 GC heap after
{Heap after GC invocations=22 (full 0):
 garbage-first heap   total 114688K, used 58340K [0x00000000c0000000, 0x0000000100000000)
  region size 1024K, 1 young (1024K), 1 survivors (1024K)
 Metaspace       used 35553K, committed 35968K, reserved 1081344K
  class space    used 4609K, committed 4800K, reserved 1048576K
}
Event: 8.472 GC heap before
{Heap before GC invocations=22 (full 0):
 garbage-first heap   total 114688K, used 60388K [0x00000000c0000000, 0x0000000100000000)
  region size 1024K, 4 young (4096K), 1 survivors (1024K)
 Metaspace       used 35553K, committed 35968K, reserved 1081344K
  class space    used 4609K, committed 4800K, reserved 1048576K
}
Event: 8.476 GC heap after
{Heap after GC invocations=23 (full 0):
 garbage-first heap   total 114688K, used 60199K [0x00000000c0000000, 0x0000000100000000)
  region size 1024K, 3 young (3072K), 3 survivors (3072K)
 Metaspace       used 35553K, committed 35968K, reserved 1081344K
  class space    used 4609K, committed 4800K, reserved 1048576K
}
Event: 8.565 GC heap before
{Heap before GC invocations=23 (full 0):
 garbage-first heap   total 114688K, used 79655K [0x00000000c0000000, 0x0000000100000000)
  region size 1024K, 22 young (22528K), 3 survivors (3072K)
 Metaspace       used 35604K, committed 35968K, reserved 1081344K
  class space    used 4619K, committed 4800K, reserved 1048576K
}
Event: 8.583 GC heap after
{Heap after GC invocations=24 (full 0):
 garbage-first heap   total 114688K, used 66073K [0x00000000c0000000, 0x0000000100000000)
  region size 1024K, 3 young (3072K), 3 survivors (3072K)
 Metaspace       used 35604K, committed 35968K, reserved 1081344K
  class space    used 4619K, committed 4800K, reserved 1048576K
}
Event: 8.619 GC heap before
{Heap before GC invocations=24 (full 0):
 garbage-first heap   total 114688K, used 81433K [0x00000000c0000000, 0x0000000100000000)
  region size 1024K, 19 young (19456K), 3 survivors (3072K)
 Metaspace       used 35625K, committed 36032K, reserved 1081344K
  class space    used 4625K, committed 4800K, reserved 1048576K
}
Event: 8.631 GC heap after
{Heap after GC invocations=25 (full 0):
 garbage-first heap   total 310272K, used 67258K [0x00000000c0000000, 0x0000000100000000)
  region size 1024K, 1 young (1024K), 1 survivors (1024K)
 Metaspace       used 35625K, committed 36032K, reserved 1081344K
  class space    used 4625K, committed 4800K, reserved 1048576K
}
Event: 9.013 GC heap before
{Heap before GC invocations=26 (full 0):
 garbage-first heap   total 229376K, used 146106K [0x00000000c0000000, 0x0000000100000000)
  region size 1024K, 80 young (81920K), 1 survivors (1024K)
 Metaspace       used 35705K, committed 36096K, reserved 1081344K
  class space    used 4632K, committed 4800K, reserved 1048576K
}
Event: 9.047 GC heap after
{Heap after GC invocations=27 (full 0):
 garbage-first heap   total 229376K, used 69559K [0x00000000c0000000, 0x0000000100000000)
  region size 1024K, 5 young (5120K), 5 survivors (5120K)
 Metaspace       used 35705K, committed 36096K, reserved 1081344K
  class space    used 4632K, committed 4800K, reserved 1048576K
}
Event: 9.063 GC heap before
{Heap before GC invocations=27 (full 0):
 garbage-first heap   total 229376K, used 74679K [0x00000000c0000000, 0x0000000100000000)
  region size 1024K, 11 young (11264K), 5 survivors (5120K)
 Metaspace       used 35705K, committed 36096K, reserved 1081344K
  class space    used 4632K, committed 4800K, reserved 1048576K
}
Event: 9.080 GC heap after
{Heap after GC invocations=28 (full 0):
 garbage-first heap   total 229376K, used 68541K [0x00000000c0000000, 0x0000000100000000)
  region size 1024K, 1 young (1024K), 1 survivors (1024K)
 Metaspace       used 35705K, committed 36096K, reserved 1081344K
  class space    used 4632K, committed 4800K, reserved 1048576K
}
Event: 9.676 GC heap before
{Heap before GC invocations=28 (full 0):
 garbage-first heap   total 229376K, used 164797K [0x00000000c0000000, 0x0000000100000000)
  region size 1024K, 96 young (98304K), 1 survivors (1024K)
 Metaspace       used 35705K, committed 36096K, reserved 1081344K
  class space    used 4632K, committed 4800K, reserved 1048576K
}
Event: 9.681 GC heap after
{Heap after GC invocations=29 (full 0):
 garbage-first heap   total 229376K, used 71968K [0x00000000c0000000, 0x0000000100000000)
  region size 1024K, 4 young (4096K), 4 survivors (4096K)
 Metaspace       used 35705K, committed 36096K, reserved 1081344K
  class space    used 4632K, committed 4800K, reserved 1048576K
}
Event: 9.909 GC heap before
{Heap before GC invocations=29 (full 0):
 garbage-first heap   total 229376K, used 171296K [0x00000000c0000000, 0x0000000100000000)
  region size 1024K, 102 young (104448K), 4 survivors (4096K)
 Metaspace       used 35705K, committed 36096K, reserved 1081344K
  class space    used 4632K, committed 4800K, reserved 1048576K
}
Event: 9.916 GC heap after
{Heap after GC invocations=30 (full 0):
 garbage-first heap   total 229376K, used 75686K [0x00000000c0000000, 0x0000000100000000)
  region size 1024K, 8 young (8192K), 8 survivors (8192K)
 Metaspace       used 35705K, committed 36096K, reserved 1081344K
  class space    used 4632K, committed 4800K, reserved 1048576K
}
Event: 10.072 GC heap before
{Heap before GC invocations=30 (full 0):
 garbage-first heap   total 229376K, used 177062K [0x00000000c0000000, 0x0000000100000000)
  region size 1024K, 108 young (110592K), 8 survivors (8192K)
 Metaspace       used 35705K, committed 36096K, reserved 1081344K
  class space    used 4632K, committed 4800K, reserved 1048576K
}
Event: 10.105 GC heap after
{Heap after GC invocations=31 (full 0):
 garbage-first heap   total 229376K, used 80655K [0x00000000c0000000, 0x0000000100000000)
  region size 1024K, 9 young (9216K), 9 survivors (9216K)
 Metaspace       used 35705K, committed 36096K, reserved 1081344K
  class space    used 4632K, committed 4800K, reserved 1048576K
}
Event: 10.201 GC heap before
{Heap before GC invocations=31 (full 0):
 garbage-first heap   total 229376K, used 179983K [0x00000000c0000000, 0x0000000100000000)
  region size 1024K, 107 young (109568K), 9 survivors (9216K)
 Metaspace       used 35706K, committed 36096K, reserved 1081344K
  class space    used 4632K, committed 4800K, reserved 1048576K
}
Event: 10.215 GC heap after
{Heap after GC invocations=32 (full 0):
 garbage-first heap   total 229376K, used 84751K [0x00000000c0000000, 0x0000000100000000)
  region size 1024K, 9 young (9216K), 9 survivors (9216K)
 Metaspace       used 35706K, committed 36096K, reserved 1081344K
  class space    used 4632K, committed 4800K, reserved 1048576K
}
Event: 10.556 GC heap before
{Heap before GC invocations=32 (full 0):
 garbage-first heap   total 229376K, used 185103K [0x00000000c0000000, 0x0000000100000000)
  region size 1024K, 108 young (110592K), 9 survivors (9216K)
 Metaspace       used 35706K, committed 36096K, reserved 1081344K
  class space    used 4632K, committed 4800K, reserved 1048576K
}

